<?xml version="1.0" encoding="UTF-8"?>
<!-- Generated by org.testng.reporters.JUnitReportReporter -->
<testsuite hostname="PUKSHARMA.local" name="com.appdirect.techAutomation.AppTest" tests="1" failures="0" timestamp="5 Apr 2017 04:50:14 GMT" time="19.997" errors="0">
  <testcase name="test" time="19.997" classname="com.appdirect.techAutomation.AppTest"/>
</testsuite> <!-- com.appdirect.techAutomation.AppTest -->
